2023-01-16T00:20:42.492+01:00  INFO 12580 --- [main] c.l.p.ProductRestControllerMvcTest       : Starting ProductRestControllerMvcTest using Java 19.0.1 with PID 12580 (started by user in C:\Spring projects\productapi)
2023-01-16T00:20:42.504+01:00  INFO 12580 --- [main] c.l.p.ProductRestControllerMvcTest       : No active profile set, falling back to 1 default profile: "default"
2023-01-16T00:20:44.570+01:00  INFO 12580 --- [main] o.s.b.t.m.w.SpringBootMockServletContext : Initializing Spring TestDispatcherServlet ''
2023-01-16T00:20:44.571+01:00  INFO 12580 --- [main] o.s.t.web.servlet.TestDispatcherServlet  : Initializing Servlet ''
2023-01-16T00:20:44.573+01:00  INFO 12580 --- [main] o.s.t.web.servlet.TestDispatcherServlet  : Completed initialization in 2 ms
2023-01-16T00:20:44.637+01:00  INFO 12580 --- [main] c.l.p.ProductRestControllerMvcTest       : Started ProductRestControllerMvcTest in 2.598 seconds (process running for 4.047)
2023-01-16T00:25:44.160+01:00  INFO 3236 --- [main] c.l.p.ProductRestControllerMvcTest       : Starting ProductRestControllerMvcTest using Java 19.0.1 with PID 3236 (started by user in C:\Spring projects\productapi)
2023-01-16T00:25:44.162+01:00  INFO 3236 --- [main] c.l.p.ProductRestControllerMvcTest       : No active profile set, falling back to 1 default profile: "default"
2023-01-16T00:25:46.113+01:00  INFO 3236 --- [main] o.s.b.t.m.w.SpringBootMockServletContext : Initializing Spring TestDispatcherServlet ''
2023-01-16T00:25:46.113+01:00  INFO 3236 --- [main] o.s.t.web.servlet.TestDispatcherServlet  : Initializing Servlet ''
2023-01-16T00:25:46.115+01:00  INFO 3236 --- [main] o.s.t.web.servlet.TestDispatcherServlet  : Completed initialization in 2 ms
2023-01-16T00:25:46.161+01:00  INFO 3236 --- [main] c.l.p.ProductRestControllerMvcTest       : Started ProductRestControllerMvcTest in 2.43 seconds (process running for 3.713)
2023-01-16T01:58:20.674+01:00  INFO 16940 --- [main] c.l.p.ProductRestControllerMvcTest       : Starting ProductRestControllerMvcTest using Java 19.0.1 with PID 16940 (started by user in C:\Spring projects\productapi)
2023-01-16T01:58:20.675+01:00  INFO 16940 --- [main] c.l.p.ProductRestControllerMvcTest       : No active profile set, falling back to 1 default profile: "default"
2023-01-16T01:58:22.696+01:00  INFO 16940 --- [main] o.s.b.t.m.w.SpringBootMockServletContext : Initializing Spring TestDispatcherServlet ''
2023-01-16T01:58:22.696+01:00  INFO 16940 --- [main] o.s.t.web.servlet.TestDispatcherServlet  : Initializing Servlet ''
2023-01-16T01:58:22.699+01:00  INFO 16940 --- [main] o.s.t.web.servlet.TestDispatcherServlet  : Completed initialization in 2 ms
2023-01-16T01:58:22.751+01:00  INFO 16940 --- [main] c.l.p.ProductRestControllerMvcTest       : Started ProductRestControllerMvcTest in 2.542 seconds (process running for 3.99)
2023-01-16T02:17:41.890+01:00  INFO 1592 --- [main] c.l.p.ProductRestControllerMvcTest       : Starting ProductRestControllerMvcTest using Java 19.0.1 with PID 1592 (started by user in C:\Spring projects\productapi)
2023-01-16T02:17:41.892+01:00  INFO 1592 --- [main] c.l.p.ProductRestControllerMvcTest       : No active profile set, falling back to 1 default profile: "default"
2023-01-16T02:17:44.041+01:00  INFO 1592 --- [main] o.s.b.t.m.w.SpringBootMockServletContext : Initializing Spring TestDispatcherServlet ''
2023-01-16T02:17:44.042+01:00  INFO 1592 --- [main] o.s.t.web.servlet.TestDispatcherServlet  : Initializing Servlet ''
2023-01-16T02:17:44.044+01:00  INFO 1592 --- [main] o.s.t.web.servlet.TestDispatcherServlet  : Completed initialization in 2 ms
2023-01-16T02:17:44.095+01:00  INFO 1592 --- [main] c.l.p.ProductRestControllerMvcTest       : Started ProductRestControllerMvcTest in 2.717 seconds (process running for 4.248)
2023-01-16T02:17:44.418+01:00  WARN 1592 --- [main] .w.s.m.s.DefaultHandlerExceptionResolver : Resolved [org.springframework.web.HttpRequestMethodNotSupportedException: Request method 'DELETE' is not supported]
2023-01-16T02:18:23.335+01:00  INFO 3788 --- [main] c.l.p.ProductRestControllerMvcTest       : Starting ProductRestControllerMvcTest using Java 19.0.1 with PID 3788 (started by user in C:\Spring projects\productapi)
2023-01-16T02:18:23.337+01:00  INFO 3788 --- [main] c.l.p.ProductRestControllerMvcTest       : No active profile set, falling back to 1 default profile: "default"
2023-01-16T02:18:25.435+01:00  INFO 3788 --- [main] o.s.b.t.m.w.SpringBootMockServletContext : Initializing Spring TestDispatcherServlet ''
2023-01-16T02:18:25.436+01:00  INFO 3788 --- [main] o.s.t.web.servlet.TestDispatcherServlet  : Initializing Servlet ''
2023-01-16T02:18:25.438+01:00  INFO 3788 --- [main] o.s.t.web.servlet.TestDispatcherServlet  : Completed initialization in 2 ms
2023-01-16T02:18:25.481+01:00  INFO 3788 --- [main] c.l.p.ProductRestControllerMvcTest       : Started ProductRestControllerMvcTest in 2.617 seconds (process running for 3.981)
2023-01-16T02:18:25.790+01:00  WARN 3788 --- [main] .w.s.m.s.DefaultHandlerExceptionResolver : Resolved [org.springframework.web.method.annotation.MethodArgumentTypeMismatchException: Failed to convert value of type 'java.lang.String' to required type 'int'; For input string: "id"]
2023-01-16T02:18:46.657+01:00  INFO 17668 --- [main] c.l.p.ProductRestControllerMvcTest       : Starting ProductRestControllerMvcTest using Java 19.0.1 with PID 17668 (started by user in C:\Spring projects\productapi)
2023-01-16T02:18:46.659+01:00  INFO 17668 --- [main] c.l.p.ProductRestControllerMvcTest       : No active profile set, falling back to 1 default profile: "default"
2023-01-16T02:18:48.677+01:00  INFO 17668 --- [main] o.s.b.t.m.w.SpringBootMockServletContext : Initializing Spring TestDispatcherServlet ''
2023-01-16T02:18:48.677+01:00  INFO 17668 --- [main] o.s.t.web.servlet.TestDispatcherServlet  : Initializing Servlet ''
2023-01-16T02:18:48.679+01:00  INFO 17668 --- [main] o.s.t.web.servlet.TestDispatcherServlet  : Completed initialization in 1 ms
2023-01-16T02:18:48.730+01:00  INFO 17668 --- [main] c.l.p.ProductRestControllerMvcTest       : Started ProductRestControllerMvcTest in 2.526 seconds (process running for 3.85)
